2025-06-01 00:22:53,502 - semgrep.run_scan - DEBUG - semgrep version 1.2.0
2025-06-01 00:22:53,505 - semgrep.git - DEBUG - Failed to get project url from 'git ls-remote': Command failed with exit code: 128
-----
Command failed with output:
fatal: No remote configured to list refs from.


Failed to run 'git ls-remote --get-url'. Possible reasons:

- the git binary is not available
- the current working directory is not a git repository
- the baseline commit is not a parent of the current commit
    (if you are running through semgrep-app, check if you are setting `SEMGREP_BRANCH` or `SEMGREP_BASELINE_COMMIT` properly)
- the current working directory is not marked as safe
    (fix with `git config --global --add safe.directory $(pwd)`)

Try running the command yourself to debug the issue.
2025-06-01 00:22:53,507 - semgrep.config_resolver - DEBUG - Loading local config from /home/runner/workspace/.config/.semgrep/semgrep_rules.json
2025-06-01 00:22:53,509 - semgrep.config_resolver - DEBUG - Done loading local config from /home/runner/workspace/.config/.semgrep/semgrep_rules.json
2025-06-01 00:22:53,511 - semgrep.config_resolver - DEBUG - Saving rules to /tmp/semgrep-ve67stpg.rules
2025-06-01 00:22:53,661 - semgrep.semgrep_core - DEBUG - Failed to open resource semgrep-core-proprietary: [Errno 2] No such file or directory: '/tmp/_MEILuO3TR/semgrep/bin/semgrep-core-proprietary'.
2025-06-01 00:22:54,105 - semgrep.rule_lang - DEBUG - semgrep-core validation response: valid=True
2025-06-01 00:22:54,106 - semgrep.rule_lang - DEBUG - semgrep-core validation succeeded
2025-06-01 00:22:54,106 - semgrep.rule_lang - DEBUG - RPC validation succeeded
2025-06-01 00:22:54,106 - semgrep.config_resolver - DEBUG - loaded 1 configs in 0.599489688873291
2025-06-01 00:22:54,176 - semgrep.run_scan - VERBOSE - running 711 rules from 1 config /home/runner/workspace/.config/.semgrep/semgrep_rules.json_0
2025-06-01 00:22:54,177 - semgrep.run_scan - VERBOSE - No .semgrepignore found. Using default .semgrepignore rules. See the docs for the list of default ignores: https://semgrep.dev/docs/cli-usage/#ignore-files
2025-06-01 00:22:54,178 - semgrep.run_scan - VERBOSE - Rules:
2025-06-01 00:22:54,178 - semgrep.run_scan - VERBOSE - <SKIPPED DATA (too many entries; use --max-log-list-entries)>
